<?xml version="1.0" encoding="UTF-8"?>
<!-- Generated by org.testng.reporters.JUnitReportReporter -->
<testsuite hostname="LAPTOP-CSD2UPU8" failures="0" tests="3" name="ManjuGroup1.Pageobjects.StandaloneTest" time="19.607" errors="0" timestamp="2024-03-19T15:11:44 IST" skipped="0">
  <testcase classname="ManjuGroup1.Pageobjects.StandaloneTest" name="SubmitOrder" time="7.623"/>
  <system-out/>
  <testcase classname="ManjuGroup1.Pageobjects.StandaloneTest" name="OrderHistoryTest" time="5.943"/>
  <system-out/>
  <testcase classname="ManjuGroup1.Pageobjects.StandaloneTest" name="SubmitOrder" time="6.041"/>
  <system-out/>
</testsuite> <!-- ManjuGroup1.Pageobjects.StandaloneTest -->
