<?xml version="1.0" encoding="UTF-8"?>
<!-- Generated by org.testng.reporters.JUnitReportReporter -->
<testsuite hostname="LAPTOP-CSD2UPU8" failures="0" tests="3" name="ManjuGroup1.Pageobjects.StandaloneTest" time="33.425" errors="0" timestamp="2024-05-18T16:15:00 IST" skipped="0">
  <testcase classname="ManjuGroup1.Pageobjects.StandaloneTest" name="SubmitOrder" time="7.455"/>
  <testcase classname="ManjuGroup1.Pageobjects.StandaloneTest" name="SubmitOrder" time="23.264"/>
  <testcase classname="ManjuGroup1.Pageobjects.StandaloneTest" name="OrderHistoryTest" time="2.706"/>
</testsuite> <!-- ManjuGroup1.Pageobjects.StandaloneTest -->
