<?xml version="1.0" encoding="UTF-8"?>
<!-- Generated by org.testng.reporters.JUnitReportReporter -->
<testsuite hostname="LAPTOP-CSD2UPU8" failures="0" tests="1" name="cucumber.TestNGRunner" time="4.284" errors="0" timestamp="2024-05-24T16:50:04 IST" skipped="0">
  <testcase classname="cucumber.TestNGRunner" name="runScenario" time="4.284"/>
</testsuite> <!-- cucumber.TestNGRunner -->
